<?xml version="1.0" encoding="UTF-8"?>
<testng-results skipped="0" failed="0" ignored="1" total="3" passed="2">
  <reporter-output>
  </reporter-output>
  <suite name="Suite" duration-ms="11874" started-at="2019-07-07T06:29:41Z" finished-at="2019-07-07T06:29:53Z">
    <groups>
    </groups>
    <test name="Test" duration-ms="11874" started-at="2019-07-07T06:29:41Z" finished-at="2019-07-07T06:29:53Z">
      <class name="mt.mstr.modules.Launch">
        <test-method status="PASS" signature="executeLaunch(java.lang.String, java.lang.String, int)[pri:0, instance:mt.mstr.modules.Launch@8bd1b6a]" name="executeLaunch" duration-ms="7679" started-at="2019-07-07T06:29:41Z" finished-at="2019-07-07T06:29:48Z">
          <params>
            <param index="0">
              <value>
                <![CDATA[chrome]]>
              </value>
            </param>
            <param index="1">
              <value>
                <![CDATA[http://www.newtours.demoaut.com/mercurywelcome.php]]>
              </value>
            </param>
            <param index="2">
              <value>
                <![CDATA[15]]>
              </value>
            </param>
          </params>
          <reporter-output>
          </reporter-output>
        </test-method> <!-- executeLaunch -->
      </class> <!-- mt.mstr.modules.Launch -->
      <class name="mt.mstr.modules.Login">
        <test-method status="PASS" signature="executeLoginwithInValidds(java.lang.String, java.lang.String)[pri:2, instance:mt.mstr.modules.Login@18be83e4]" name="executeLoginwithInValidds" duration-ms="4146" started-at="2019-07-07T06:29:48Z" finished-at="2019-07-07T06:29:53Z">
          <params>
            <param index="0">
              <value>
                <![CDATA[Suvidyap]]>
              </value>
            </param>
            <param index="1">
              <value>
                <![CDATA[P@ssword]]>
              </value>
            </param>
          </params>
          <reporter-output>
          </reporter-output>
        </test-method> <!-- executeLoginwithInValidds -->
      </class> <!-- mt.mstr.modules.Login -->
    </test> <!-- Test -->
  </suite> <!-- Suite -->
</testng-results>
