<?xml version="1.0" encoding="UTF-8"?>
<!-- Generated by org.testng.reporters.JUnitXMLReporter -->
<testsuite hostname="DESKTOP-06OUV9F" ignored="1" name="Test" tests="2" failures="0" timestamp="07 Jul 2019 06:29:53 GMT" time="11.874" errors="0">
  <testcase name="executeLaunch" time="7.679" classname="mt.mstr.modules.Launch"/>
  <testcase name="executeLoginwithInValidds" time="4.146" classname="mt.mstr.modules.Login"/>
  <testcase name="executeLoginwithValidds" time="0.0" classname="mt.mstr.modules.Login">
    <ignored/>
  </testcase> <!-- executeLoginwithValidds -->
</testsuite> <!-- Test -->
