<?xml version="1.0" encoding="UTF-8"?>
<!-- Generated by org.testng.reporters.JUnitXMLReporter -->
<testsuite hostname="Lenovo" name="Test" tests="3" failures="0" timestamp="7 Jul 2019 10:15:46 GMT" time="21.954" errors="0">
  <testcase name="executeLaunch" time="5.629" classname="mt.mstr.modules.Launch"/>
  <testcase name="executeLoginwithValidds" time="8.704" classname="mt.mstr.modules.Login"/>
  <testcase name="executeLoginwithINValidds" time="7.591" classname="mt.mstr.modules.Login"/>
</testsuite> <!-- Test -->
