<?xml version="1.0" encoding="UTF-8"?>
<testng-results skipped="0" failed="0" ignored="0" total="2" passed="2">
  <reporter-output>
  </reporter-output>
  <suite name="Suite" duration-ms="18965" started-at="2019-06-29T10:26:47Z" finished-at="2019-06-29T10:27:06Z">
    <groups>
    </groups>
    <test name="Test" duration-ms="18965" started-at="2019-06-29T10:26:47Z" finished-at="2019-06-29T10:27:06Z">
      <class name="mt.mstr.modules.Launch">
        <test-method status="PASS" signature="executeLaunch(java.lang.String, java.lang.String, int)[pri:0, instance:mt.mstr.modules.Launch@c818063]" name="executeLaunch" duration-ms="11289" started-at="2019-06-29T10:26:47Z" finished-at="2019-06-29T10:26:58Z">
          <params>
            <param index="0">
              <value>
                <![CDATA[chrome]]>
              </value>
            </param>
            <param index="1">
              <value>
                <![CDATA[http://www.newtours.demoaut.com/mercurywelcome.php]]>
              </value>
            </param>
            <param index="2">
              <value>
                <![CDATA[15]]>
              </value>
            </param>
          </params>
          <reporter-output>
          </reporter-output>
        </test-method> <!-- executeLaunch -->
      </class> <!-- mt.mstr.modules.Launch -->
      <class name="mt.mstr.modules.Login">
        <test-method status="PASS" signature="executeLoginwithValidds(java.lang.String, java.lang.String)[pri:0, instance:mt.mstr.modules.Login@3f0ee7cb]" name="executeLoginwithValidds" duration-ms="7644" started-at="2019-06-29T10:26:58Z" finished-at="2019-06-29T10:27:06Z">
          <params>
            <param index="0">
              <value>
                <![CDATA[Suvidyap1]]>
              </value>
            </param>
            <param index="1">
              <value>
                <![CDATA[P@ssword1]]>
              </value>
            </param>
          </params>
          <reporter-output>
          </reporter-output>
        </test-method> <!-- executeLoginwithValidds -->
      </class> <!-- mt.mstr.modules.Login -->
    </test> <!-- Test -->
  </suite> <!-- Suite -->
</testng-results>
